[debug] [2025-04-22T08:08:18.208Z] ----------------------------------------------------------------------
[debug] [2025-04-22T08:08:18.214Z] Command:       C:\Program Files\nodejs\node.exe C:\cedt1-2\SE_Lab\Docker\assignment\GitHubActionPractice\node_modules\firebase-tools\lib\bin\firebase.js emulators:start
[debug] [2025-04-22T08:08:18.215Z] CLI Version:   14.2.0
[debug] [2025-04-22T08:08:18.216Z] Platform:      win32
[debug] [2025-04-22T08:08:18.216Z] Node Version:  v20.17.0
[debug] [2025-04-22T08:08:18.217Z] Time:          Tue Apr 22 2025 15:08:18 GMT+0700 (Indochina Time)
[debug] [2025-04-22T08:08:18.217Z] ----------------------------------------------------------------------
[debug] 
[debug] [2025-04-22T08:08:18.480Z] > command requires scopes: ["email","openid","https://www.googleapis.com/auth/cloudplatformprojects.readonly","https://www.googleapis.com/auth/firebase","https://www.googleapis.com/auth/cloud-platform"]
[debug] [2025-04-22T08:08:18.481Z] > authorizing via signed-in user (kongphop.jitsongserm@gmail.com)
[info] i  emulators: Starting emulators: hosting {"metadata":{"emulator":{"name":"hub"},"message":"Starting emulators: hosting"}}
[debug] [2025-04-22T08:08:18.495Z] [logging] Logging Emulator only supports listening on one address (127.0.0.1). Not listening on ::1
[debug] [2025-04-22T08:08:18.496Z] [hosting] Hosting Emulator only supports listening on one address (127.0.0.1). Not listening on ::1
[debug] [2025-04-22T08:08:18.497Z] assigned listening specs for emulators {"user":{"hub":[{"address":"127.0.0.1","family":"IPv4","port":4400},{"address":"::1","family":"IPv6","port":4400}],"logging":[{"address":"127.0.0.1","family":"IPv4","port":4500}],"hosting":[{"address":"127.0.0.1","family":"IPv4","port":5000}]},"metadata":{"message":"assigned listening specs for emulators"}}
[debug] [2025-04-22T08:08:18.515Z] [hub] writing locator at C:\Users\KONGPH~1\AppData\Local\Temp\hub-githubactionpractice-a1687.json
[debug] [2025-04-22T08:08:18.540Z] Checked if tokens are valid: true, expires at: 1745310679211
[debug] [2025-04-22T08:08:18.541Z] Checked if tokens are valid: true, expires at: 1745310679211
[debug] [2025-04-22T08:08:18.542Z] >>> [apiv2][query] GET https://firebasehosting.googleapis.com/v1beta1/projects/githubactionpractice-a1687/sites 
[debug] [2025-04-22T08:08:19.325Z] <<< [apiv2][status] GET https://firebasehosting.googleapis.com/v1beta1/projects/githubactionpractice-a1687/sites 200
[debug] [2025-04-22T08:08:19.325Z] <<< [apiv2][body] GET https://firebasehosting.googleapis.com/v1beta1/projects/githubactionpractice-a1687/sites {"sites":[{"name":"projects/githubactionpractice-a1687/sites/githubactionpractice-a1687","defaultUrl":"https://githubactionpractice-a1687.web.app","type":"DEFAULT_SITE"}]}
[debug] [2025-04-22T08:08:19.325Z] Checked if tokens are valid: true, expires at: 1745310679211
[debug] [2025-04-22T08:08:19.326Z] Checked if tokens are valid: true, expires at: 1745310679211
[debug] [2025-04-22T08:08:19.326Z] >>> [apiv2][query] GET https://firebase.googleapis.com/v1beta1/projects/githubactionpractice-a1687/webApps/-/config [none]
[debug] [2025-04-22T08:08:20.319Z] <<< [apiv2][status] GET https://firebase.googleapis.com/v1beta1/projects/githubactionpractice-a1687/webApps/-/config 200
[debug] [2025-04-22T08:08:20.319Z] <<< [apiv2][body] GET https://firebase.googleapis.com/v1beta1/projects/githubactionpractice-a1687/webApps/-/config {"projectId":"githubactionpractice-a1687","storageBucket":"githubactionpractice-a1687.firebasestorage.app","apiKey":"AIzaSyCg_O6o7BA_F_R8SVNT-XruU3kc9d_VAV8","authDomain":"githubactionpractice-a1687.firebaseapp.com","messagingSenderId":"96749712945"}
[debug] [2025-04-22T08:08:20.323Z] Checked if tokens are valid: true, expires at: 1745310679211
[debug] [2025-04-22T08:08:20.323Z] Checked if tokens are valid: true, expires at: 1745310679211
[debug] [2025-04-22T08:08:20.323Z] >>> [apiv2][query] GET https://firebase.googleapis.com/v1beta1/projects/githubactionpractice-a1687 [none]
[debug] [2025-04-22T08:08:20.890Z] <<< [apiv2][status] GET https://firebase.googleapis.com/v1beta1/projects/githubactionpractice-a1687 200
[debug] [2025-04-22T08:08:20.890Z] <<< [apiv2][body] GET https://firebase.googleapis.com/v1beta1/projects/githubactionpractice-a1687 {"projectId":"githubactionpractice-a1687","projectNumber":"96749712945","displayName":"GitHubActionPractice","name":"projects/githubactionpractice-a1687","resources":{"hostingSite":"githubactionpractice-a1687"},"state":"ACTIVE","etag":"1_a2f4ac78-1366-4147-8d37-0e6c60b4a588"}
[info] i  hosting[githubactionpractice-a1687]: Serving hosting files from: public {"metadata":{"emulator":{"name":"hosting"},"message":"Serving hosting files from: \u001b[1mpublic\u001b[22m"}}
[info] +  hosting[githubactionpractice-a1687]: Local server: http://127.0.0.1:5000 {"metadata":{"emulator":{"name":"hosting"},"message":"Local server: \u001b[4m\u001b[1mhttp://127.0.0.1:5000\u001b[22m\u001b[24m"}}
[warn] !  emulators: The Emulator UI is not starting, either because none of the running emulators have a UI component or the Emulator UI cannot determine the Project ID. Pass the --project flag to specify a project. {"metadata":{"emulator":{"name":"hub"},"message":"The Emulator UI is not starting, either because none of the running emulators have a UI component or the Emulator UI cannot determine the Project ID. Pass the --project flag to specify a project."}}
[debug] [2025-04-22T08:08:20.915Z] Could not find VSCode notification endpoint: FetchError: request to http://localhost:40001/vscode/notify failed, reason: . If you are not running the Firebase Data Connect VSCode extension, this is expected and not an issue.
[info] 
┌─────────────────────────────────────────────────────────────┐
│ ✔  All emulators ready! It is now safe to connect your app. │
└─────────────────────────────────────────────────────────────┘

┌──────────┬────────────────┐
│ Emulator │ Host:Port      │
├──────────┼────────────────┤
│ Hosting  │ 127.0.0.1:5000 │
└──────────┴────────────────┘
  Emulator Hub host: 127.0.0.1 port: 4400
  Other reserved ports: 4500

Issues? Report them at https://github.com/firebase/firebase-tools/issues and attach the *-debug.log files.
 
